<?xml version="1.0" encoding="UTF-8"?>
<testng-results ignored="0" total="1" passed="1" failed="0" skipped="0">
  <reporter-output>
  </reporter-output>
  <suite started-at="2024-03-27T16:25:51 IST" name="Surefire suite" finished-at="2024-03-27T16:26:11 IST" duration-ms="20491">
    <groups>
    </groups>
    <test started-at="2024-03-27T16:25:51 IST" name="Surefire test" finished-at="2024-03-27T16:26:11 IST" duration-ms="20491">
      <class name="TestCaseFile.TestCaseFile">
        <test-method is-config="true" signature="browserlaunch()[pri:0, instance:TestCaseFile.TestCaseFile@332a7fce]" started-at="2024-03-27T16:25:51 IST" name="browserlaunch" finished-at="2024-03-27T16:26:02 IST" duration-ms="11180" status="PASS">
          <reporter-output>
          </reporter-output>
        </test-method> <!-- browserlaunch -->
        <test-method signature="Browseropen()[pri:0, instance:TestCaseFile.TestCaseFile@332a7fce]" started-at="2024-03-27T16:26:02 IST" name="Browseropen" finished-at="2024-03-27T16:26:11 IST" duration-ms="9015" status="PASS">
          <reporter-output>
          </reporter-output>
        </test-method> <!-- Browseropen -->
        <test-method is-config="true" signature="closeup()[pri:0, instance:TestCaseFile.TestCaseFile@332a7fce]" started-at="2024-03-27T16:26:11 IST" name="closeup" finished-at="2024-03-27T16:26:11 IST" duration-ms="244" status="PASS">
          <reporter-output>
          </reporter-output>
        </test-method> <!-- closeup -->
      </class> <!-- TestCaseFile.TestCaseFile -->
    </test> <!-- Surefire test -->
  </suite> <!-- Surefire suite -->
</testng-results>
