<?xml version="1.0" encoding="UTF-8"?>
<testsuite xmlns:xsi="http://www.w3.org/2001/XMLSchema-instance" xsi:noNamespaceSchemaLocation="https://maven.apache.org/surefire/maven-surefire-plugin/xsd/surefire-test-report-3.0.xsd" version="3.0" name="TestCaseFile.TestCaseFile" time="21.887" tests="1" errors="0" skipped="0" failures="0">
  <properties>
[...]
</properties>
  <testcase name="Browseropen" classname="TestCaseFile.TestCaseFile" time="9.022">
    <system-out><![CDATA[&amp#27;[35m24-03-27 16:25:51:003&amp#27;[m [&amp#27;[30mTRACE&amp#27;[m] [Graph] ADDING NODE BaseClass.browserlaunch()[pri:0, instance:null] 329267851
&amp#27;[35m24-03-27 16:25:51:007&amp#27;[m [&amp#27;[30mTRACE&amp#27;[m] [Graph] ================ SORTING
&amp#27;[35m24-03-27 16:25:51:013&amp#27;[m [&amp#27;[30mTRACE&amp#27;[m] [Graph] =============== DONE SORTING
&amp#27;[35m24-03-27 16:25:51:013&amp#27;[m [&amp#27;[30mTRACE&amp#27;[m] [Graph] ====== SORTED NODES
&amp#27;[35m24-03-27 16:25:51:014&amp#27;[m [&amp#27;[30mTRACE&amp#27;[m] [Graph] ====== END SORTED NODES
&amp#27;[35m24-03-27 16:25:51:015&amp#27;[m [&amp#27;[30mTRACE&amp#27;[m] [Graph] ADDING NODE BaseClass.closeup()[pri:0, instance:null] -1685904317
&amp#27;[35m24-03-27 16:25:51:016&amp#27;[m [&amp#27;[30mTRACE&amp#27;[m] [Graph] ================ SORTING
&amp#27;[35m24-03-27 16:25:51:016&amp#27;[m [&amp#27;[30mTRACE&amp#27;[m] [Graph] =============== DONE SORTING
&amp#27;[35m24-03-27 16:25:51:016&amp#27;[m [&amp#27;[30mTRACE&amp#27;[m] [Graph] ====== SORTED NODES
&amp#27;[35m24-03-27 16:25:51:016&amp#27;[m [&amp#27;[30mTRACE&amp#27;[m] [Graph] ====== END SORTED NODES
&amp#27;[35m24-03-27 16:25:51:023&amp#27;[m [&amp#27;[30mTRACE&amp#27;[m] [Graph] ADDING NODE TestCaseFile.Browseropen()[pri:0, instance:TestCaseFile.TestCaseFile@332a7fce] -547586989
&amp#27;[35m24-03-27 16:25:51:023&amp#27;[m [&amp#27;[30mTRACE&amp#27;[m] [Graph] ================ SORTING
&amp#27;[35m24-03-27 16:25:51:023&amp#27;[m [&amp#27;[30mTRACE&amp#27;[m] [Graph] =============== DONE SORTING
&amp#27;[35m24-03-27 16:25:51:024&amp#27;[m [&amp#27;[30mTRACE&amp#27;[m] [Graph] ====== SORTED NODES
&amp#27;[35m24-03-27 16:25:51:024&amp#27;[m [&amp#27;[30mTRACE&amp#27;[m] [Graph] ====== END SORTED NODES
&amp#27;[35m24-03-27 16:26:02:257&amp#27;[m [&amp#27;[32mINFO&amp#27;[m] Url is open
&amp#27;[35m24-03-27 16:26:09:426&amp#27;[m [&amp#27;[32mINFO&amp#27;[m] Enter username
&amp#27;[35m24-03-27 16:26:09:605&amp#27;[m [&amp#27;[32mINFO&amp#27;[m] Enter password 
&amp#27;[35m24-03-27 16:26:09:674&amp#27;[m [&amp#27;[32mINFO&amp#27;[m] click button
]]></system-out>
    <system-err><![CDATA[Mar 27, 2024 4:26:02 PM org.openqa.selenium.devtools.CdpVersionFinder findNearestMatch
WARNING: Unable to find an exact match for CDP version 123, returning the closest version; found: 122; Please update to a Selenium version that supports CDP version 123
]]></system-err>
  </testcase>
</testsuite>