<?xml version="1.0" encoding="UTF-8"?>
<testng-results ignored="0" total="1" passed="1" failed="0" skipped="0">
  <reporter-output>
  </reporter-output>
  <suite started-at="2024-03-27T16:08:19 IST" name="Suite" finished-at="2024-03-27T16:09:20 IST" duration-ms="60647">
    <groups>
    </groups>
    <test started-at="2024-03-27T16:08:19 IST" name="Test" finished-at="2024-03-27T16:09:20 IST" duration-ms="60647">
      <class name="TestCaseFile.TestCaseFile">
        <test-method is-config="true" signature="browserlaunch()[pri:0, instance:TestCaseFile.TestCaseFile@733c423e]" started-at="2024-03-27T16:08:20 IST" name="browserlaunch" finished-at="2024-03-27T16:09:00 IST" duration-ms="39820" status="PASS">
          <reporter-output>
          </reporter-output>
        </test-method> <!-- browserlaunch -->
        <test-method signature="Browseropen()[pri:0, instance:TestCaseFile.TestCaseFile@733c423e]" started-at="2024-03-27T16:09:00 IST" name="Browseropen" finished-at="2024-03-27T16:09:18 IST" duration-ms="18136" status="PASS">
          <reporter-output>
          </reporter-output>
        </test-method> <!-- Browseropen -->
        <test-method is-config="true" signature="closeup()[pri:0, instance:TestCaseFile.TestCaseFile@733c423e]" started-at="2024-03-27T16:09:18 IST" name="closeup" finished-at="2024-03-27T16:09:20 IST" duration-ms="1565" status="PASS">
          <reporter-output>
          </reporter-output>
        </test-method> <!-- closeup -->
      </class> <!-- TestCaseFile.TestCaseFile -->
    </test> <!-- Test -->
  </suite> <!-- Suite -->
</testng-results>
